<?xml version="1.0" encoding="UTF-8"?>
<testng-results skipped="0" failed="0" ignored="0" total="1" passed="1">
  <reporter-output>
  </reporter-output>
  <suite name="Suite" duration-ms="97" started-at="2018-02-13T13:11:17Z" finished-at="2018-02-13T13:11:17Z">
    <groups>
    </groups>
    <test name="Test" duration-ms="97" started-at="2018-02-13T13:11:17Z" finished-at="2018-02-13T13:11:17Z">
      <class name="firstGroup.seleniumBTest">
        <test-method status="PASS" signature="test11()[pri:0, instance:firstGroup.seleniumBTest@2b98378d]" name="test11" duration-ms="38" started-at="2018-02-13T15:11:17Z" finished-at="2018-02-13T15:11:17Z">
          <reporter-output>
          </reporter-output>
        </test-method> <!-- test11 -->
      </class> <!-- firstGroup.seleniumBTest -->
    </test> <!-- Test -->
  </suite> <!-- Suite -->
</testng-results>
